2015-05-18 05:53:25,468 INFO  [SoapUI] Adding [/Users/tdinkov/projects/wmstools/agent/svn/branch/4.8.2DEV/requiredJARs/bsf-2.4.0.jar] to extensions classpath
2015-05-18 05:53:25,468 INFO  [SoapUI] Adding [/Users/tdinkov/projects/wmstools/agent/svn/branch/4.8.2DEV/requiredJARs/casehandling-trunk-SNAPSHOT.jar] to extensions classpath
2015-05-18 05:53:25,469 INFO  [SoapUI] Adding [/Users/tdinkov/projects/wmstools/agent/svn/branch/4.8.2DEV/requiredJARs/casemodel-trunk-SNAPSHOT.jar] to extensions classpath
2015-05-18 05:53:25,469 INFO  [SoapUI] Adding [/Users/tdinkov/projects/wmstools/agent/svn/branch/4.8.2DEV/requiredJARs/castor-1.0.1.jar] to extensions classpath
2015-05-18 05:53:25,469 INFO  [SoapUI] Adding [/Users/tdinkov/projects/wmstools/agent/svn/branch/4.8.2DEV/requiredJARs/cdi-light-1.4.1.jar] to extensions classpath
2015-05-18 05:53:25,469 INFO  [SoapUI] Adding [/Users/tdinkov/projects/wmstools/agent/svn/branch/4.8.2DEV/requiredJARs/com.mysql.jdbc_5.1.5.jar] to extensions classpath
2015-05-18 05:53:25,470 INFO  [SoapUI] Adding [/Users/tdinkov/projects/wmstools/agent/svn/branch/4.8.2DEV/requiredJARs/commons-beanutils-1.8.0.jar] to extensions classpath
2015-05-18 05:53:25,470 INFO  [SoapUI] Adding [/Users/tdinkov/projects/wmstools/agent/svn/branch/4.8.2DEV/requiredJARs/commons-codec-1.6.jar] to extensions classpath
2015-05-18 05:53:25,470 INFO  [SoapUI] Adding [/Users/tdinkov/projects/wmstools/agent/svn/branch/4.8.2DEV/requiredJARs/commons-collections-3.2.1.jar] to extensions classpath
2015-05-18 05:53:25,470 INFO  [SoapUI] Adding [/Users/tdinkov/projects/wmstools/agent/svn/branch/4.8.2DEV/requiredJARs/commons-lang-2.4.jar] to extensions classpath
2015-05-18 05:53:25,470 INFO  [SoapUI] Adding [/Users/tdinkov/projects/wmstools/agent/svn/branch/4.8.2DEV/requiredJARs/commons-logging-1.1.1.jar] to extensions classpath
2015-05-18 05:53:25,471 INFO  [SoapUI] Adding [/Users/tdinkov/projects/wmstools/agent/svn/branch/4.8.2DEV/requiredJARs/domain-model-trunk-SNAPSHOT.jar] to extensions classpath
2015-05-18 05:53:25,471 INFO  [SoapUI] Adding [/Users/tdinkov/projects/wmstools/agent/svn/branch/4.8.2DEV/requiredJARs/ezmorph-1.0.6.jar] to extensions classpath
2015-05-18 05:53:25,471 INFO  [SoapUI] Adding [/Users/tdinkov/projects/wmstools/agent/svn/branch/4.8.2DEV/requiredJARs/goodies2.jar] to extensions classpath
2015-05-18 05:53:25,471 INFO  [SoapUI] Adding [/Users/tdinkov/projects/wmstools/agent/svn/branch/4.8.2DEV/requiredJARs/http-builder-0.7.2.jar] to extensions classpath
2015-05-18 05:53:25,472 INFO  [SoapUI] Adding [/Users/tdinkov/projects/wmstools/agent/svn/branch/4.8.2DEV/requiredJARs/httpclient-4.2.1.jar] to extensions classpath
2015-05-18 05:53:25,472 INFO  [SoapUI] Adding [/Users/tdinkov/projects/wmstools/agent/svn/branch/4.8.2DEV/requiredJARs/httpcore-4.2.1.jar] to extensions classpath
2015-05-18 05:53:25,472 INFO  [SoapUI] Adding [/Users/tdinkov/projects/wmstools/agent/svn/branch/4.8.2DEV/requiredJARs/ini4j-0.5.2.jar] to extensions classpath
2015-05-18 05:53:25,472 INFO  [SoapUI] Adding [/Users/tdinkov/projects/wmstools/agent/svn/branch/4.8.2DEV/requiredJARs/inject-1.4-SNAPSHOT.jar] to extensions classpath
2015-05-18 05:53:25,472 INFO  [SoapUI] Adding [/Users/tdinkov/projects/wmstools/agent/svn/branch/4.8.2DEV/requiredJARs/ivy-2.2.0-sources.jar] to extensions classpath
2015-05-18 05:53:25,473 INFO  [SoapUI] Adding [/Users/tdinkov/projects/wmstools/agent/svn/branch/4.8.2DEV/requiredJARs/ivy-2.2.0.jar] to extensions classpath
2015-05-18 05:53:25,473 INFO  [SoapUI] Adding [/Users/tdinkov/projects/wmstools/agent/svn/branch/4.8.2DEV/requiredJARs/j2ee-1.3.0.jar] to extensions classpath
2015-05-18 05:53:25,473 INFO  [SoapUI] Adding [/Users/tdinkov/projects/wmstools/agent/svn/branch/4.8.2DEV/requiredJARs/javax.inject-1.jar] to extensions classpath
2015-05-18 05:53:25,473 INFO  [SoapUI] Adding [/Users/tdinkov/projects/wmstools/agent/svn/branch/4.8.2DEV/requiredJARs/jaxb-api-2.1.jar] to extensions classpath
2015-05-18 05:53:25,474 INFO  [SoapUI] Adding [/Users/tdinkov/projects/wmstools/agent/svn/branch/4.8.2DEV/requiredJARs/json-lib-2.3-jdk15.jar] to extensions classpath
2015-05-18 05:53:25,474 INFO  [SoapUI] Adding [/Users/tdinkov/projects/wmstools/agent/svn/branch/4.8.2DEV/requiredJARs/language-core-2.0.3.jar] to extensions classpath
2015-05-18 05:53:25,474 INFO  [SoapUI] Adding [/Users/tdinkov/projects/wmstools/agent/svn/branch/4.8.2DEV/requiredJARs/messageHandler-trunk-SNAPSHOT.jar] to extensions classpath
2015-05-18 05:53:25,474 INFO  [SoapUI] Adding [/Users/tdinkov/projects/wmstools/agent/svn/branch/4.8.2DEV/requiredJARs/mq-6.0.2.5.jar] to extensions classpath
2015-05-18 05:53:25,474 INFO  [SoapUI] Adding [/Users/tdinkov/projects/wmstools/agent/svn/branch/4.8.2DEV/requiredJARs/nekohtml-1.9.16.jar] to extensions classpath
2015-05-18 05:53:25,475 INFO  [SoapUI] Adding [/Users/tdinkov/projects/wmstools/agent/svn/branch/4.8.2DEV/requiredJARs/oc4jclient-10.1.3.5.0.jar] to extensions classpath
2015-05-18 05:53:25,475 INFO  [SoapUI] Adding [/Users/tdinkov/projects/wmstools/agent/svn/branch/4.8.2DEV/requiredJARs/ojdl-1.0.0.jar] to extensions classpath
2015-05-18 05:53:25,475 INFO  [SoapUI] Adding [/Users/tdinkov/projects/wmstools/agent/svn/branch/4.8.2DEV/requiredJARs/selenium-server-standalone-2.39.0.jar] to extensions classpath
2015-05-18 05:53:25,475 INFO  [SoapUI] Adding [/Users/tdinkov/projects/wmstools/agent/svn/branch/4.8.2DEV/requiredJARs/stax-api-1.0-2.jar] to extensions classpath
2015-05-18 05:53:25,476 INFO  [SoapUI] Adding [/Users/tdinkov/projects/wmstools/agent/svn/branch/4.8.2DEV/requiredJARs/Translation.jar] to extensions classpath
2015-05-18 05:53:25,476 INFO  [SoapUI] Adding [/Users/tdinkov/projects/wmstools/agent/svn/branch/4.8.2DEV/requiredJARs/WMSApplicationEJB-trunk-SNAPSHOT.jar] to extensions classpath
2015-05-18 05:53:25,476 INFO  [SoapUI] Adding [/Users/tdinkov/projects/wmstools/agent/svn/branch/4.8.2DEV/requiredJARs/xercesImpl-2.9.1.jar] to extensions classpath
2015-05-18 05:53:25,476 INFO  [SoapUI] Adding [/Users/tdinkov/projects/wmstools/agent/svn/branch/4.8.2DEV/requiredJARs/xml-apis-1.3.04.jar] to extensions classpath
2015-05-18 05:53:25,476 INFO  [SoapUI] Adding [/Users/tdinkov/projects/wmstools/agent/svn/branch/4.8.2DEV/requiredJARs/xml-resolver-1.2.jar] to extensions classpath
2015-05-18 05:53:25,659 WARN  [DefaultSoapUICore] Failed to load settings from [/Users/tdinkov/projects/wmstools/agent/soapui/soapui-settings.xml:1:1: error: Unexpected end of file after null], creating new
2015-05-18 05:53:26,925 INFO  [WsdlProject] Loaded project from [file:/Users/tdinkov/projects/wmstools/agent/svn/branch/4.8.2DEV/WMS.xml]
2015-05-18 05:53:31,479 INFO  [SoapUITestCaseRunner] Running SoapUI tests in project [WMS Trunk]
2015-05-18 05:53:31,480 INFO  [SoapUITestCaseRunner] Running TestCase [[F] M1 1C]
2015-05-18 05:53:31,483 INFO  [SoapUITestCaseRunner] Running SoapUI testcase [[F] M1 1C]
2015-05-18 05:53:31,487 INFO  [SoapUITestCaseRunner] running step [generate dates]
2015-05-18 05:53:31,758 INFO  [SoapUITestCaseRunner] running step [wait for WMS]
2015-05-18 05:53:32,762 INFO  [SoapUITestCaseRunner] running step [get Performer unit Id]
2015-05-18 05:53:48,488 ERROR [SoapUI] An error occurred [IO Error: The Network Adapter could not establish the connection], see error log for details
2015-05-18 05:53:48,490 ERROR [errorlog] java.sql.SQLRecoverableException: IO Error: The Network Adapter could not establish the connection
java.sql.SQLRecoverableException: IO Error: The Network Adapter could not establish the connection
	at oracle.jdbc.driver.T4CConnection.logon(T4CConnection.java:458)
	at oracle.jdbc.driver.PhysicalConnection.<init>(PhysicalConnection.java:546)
	at oracle.jdbc.driver.T4CConnection.<init>(T4CConnection.java:236)
	at oracle.jdbc.driver.T4CDriverExtension.getConnection(T4CDriverExtension.java:32)
	at oracle.jdbc.driver.OracleDriver.connect(OracleDriver.java:521)
	at java.sql.DriverManager.getConnection(DriverManager.java:582)
	at java.sql.DriverManager.getConnection(DriverManager.java:207)
	at com.eviware.soapui.support.jdbc.JdbcUtils.initConnection(JdbcUtils.java:72)
	at com.eviware.soapui.impl.wsdl.panels.teststeps.JdbcSubmit.getDatabaseConnection(JdbcSubmit.java:222)
	at com.eviware.soapui.impl.wsdl.panels.teststeps.JdbcSubmit.prepare(JdbcSubmit.java:265)
	at com.eviware.soapui.impl.wsdl.panels.teststeps.JdbcSubmit.runQuery(JdbcSubmit.java:201)
	at com.eviware.soapui.impl.wsdl.panels.teststeps.JdbcSubmit.run(JdbcSubmit.java:165)
	at com.eviware.soapui.impl.wsdl.panels.teststeps.JdbcSubmit.<init>(JdbcSubmit.java:79)
	at com.eviware.soapui.impl.wsdl.panels.teststeps.JdbcRequest.submit(JdbcRequest.java:131)
	at com.eviware.soapui.impl.wsdl.teststeps.JdbcRequestTestStep.run(JdbcRequestTestStep.java:209)
	at com.eviware.soapui.impl.wsdl.support.AbstractTestCaseRunner.runTestStep(AbstractTestCaseRunner.java:239)
	at com.eviware.soapui.impl.wsdl.testcase.WsdlTestCaseRunner.runCurrentTestStep(WsdlTestCaseRunner.java:52)
	at com.eviware.soapui.impl.wsdl.support.AbstractTestCaseRunner.internalRun(AbstractTestCaseRunner.java:152)
	at com.eviware.soapui.impl.wsdl.support.AbstractTestCaseRunner.internalRun(AbstractTestCaseRunner.java:47)
	at com.eviware.soapui.impl.wsdl.support.AbstractTestRunner.run(AbstractTestRunner.java:139)
	at com.eviware.soapui.impl.wsdl.support.AbstractTestRunner.start(AbstractTestRunner.java:81)
	at com.eviware.soapui.impl.wsdl.testcase.WsdlTestCase.run(WsdlTestCase.java:645)
	at com.eviware.soapui.tools.SoapUITestCaseRunner.runTestCase(SoapUITestCaseRunner.java:602)
	at com.eviware.soapui.tools.SoapUITestCaseRunner.runRunner(SoapUITestCaseRunner.java:399)
	at com.eviware.soapui.tools.AbstractSoapUIRunner.run(AbstractSoapUIRunner.java:162)
	at com.eviware.soapui.tools.AbstractSoapUIRunner.runFromCommandLine(AbstractSoapUIRunner.java:93)
	at com.eviware.soapui.tools.SoapUITestCaseRunner.main(SoapUITestCaseRunner.java:119)
Caused by: oracle.net.ns.NetException: The Network Adapter could not establish the connection
	at oracle.net.nt.ConnStrategy.execute(ConnStrategy.java:392)
	at oracle.net.resolver.AddrResolution.resolveAndExecute(AddrResolution.java:434)
	at oracle.net.ns.NSProtocol.establishConnection(NSProtocol.java:687)
	at oracle.net.ns.NSProtocol.connect(NSProtocol.java:247)
	at oracle.jdbc.driver.T4CConnection.connect(T4CConnection.java:1102)
	at oracle.jdbc.driver.T4CConnection.logon(T4CConnection.java:320)
	... 26 more
Caused by: java.net.SocketException: Network is unreachable
	at java.net.PlainSocketImpl.socketConnect(Native Method)
	at java.net.PlainSocketImpl.doConnect(PlainSocketImpl.java:382)
	at java.net.PlainSocketImpl.connectToAddress(PlainSocketImpl.java:241)
	at java.net.PlainSocketImpl.connect(PlainSocketImpl.java:228)
	at java.net.SocksSocketImpl.connect(SocksSocketImpl.java:431)
	at java.net.Socket.connect(Socket.java:527)
	at oracle.net.nt.TcpNTAdapter.connect(TcpNTAdapter.java:150)
	at oracle.net.nt.ConnOption.connect(ConnOption.java:133)
	at oracle.net.nt.ConnStrategy.execute(ConnStrategy.java:370)
	... 31 more
2015-05-18 05:53:48,495 INFO  [SoapUITestCaseRunner] Assertion [JDBC Status] has status UNKNOWN
2015-05-18 05:53:48,495 INFO  [SoapUITestCaseRunner] Assertion [Check some Id has arrived] has status UNKNOWN
2015-05-18 05:53:48,495 ERROR [SoapUITestCaseRunner] get Performer unit Id failed, exporting to [/Users/tdinkov/projects/wmstools/14616/F_BUFFER_TESTS-F_M1_1C-get_Performer_unit_Id-0-FAILED.txt]
2015-05-18 05:53:48,500 INFO  [SoapUITestCaseRunner] Finished running SoapUI testcase [[F] M1 1C], time taken: 17002ms, status: FAILED
2015-05-18 05:53:48,500 INFO  [SoapUITestCaseRunner] TestCase [[F] M1 1C] finished with status [FAILED] in 17002ms
2015-05-18 05:53:48,501 ERROR [SoapUITestCaseRunner] java.lang.Exception: TestCase [[F] M1 1C] failed without assertions

2015-05-18 05:53:48,501 ERROR [SoapUI] An error occurred [TestCase [[F] M1 1C] failed without assertions
], see error log for details
2015-05-18 05:53:48,501 ERROR [errorlog] java.lang.Exception: TestCase [[F] M1 1C] failed without assertions

java.lang.Exception: TestCase [[F] M1 1C] failed without assertions

	at com.eviware.soapui.tools.SoapUITestCaseRunner.throwFailureException(SoapUITestCaseRunner.java:535)
	at com.eviware.soapui.tools.SoapUITestCaseRunner.runRunner(SoapUITestCaseRunner.java:437)
	at com.eviware.soapui.tools.AbstractSoapUIRunner.run(AbstractSoapUIRunner.java:162)
	at com.eviware.soapui.tools.AbstractSoapUIRunner.runFromCommandLine(AbstractSoapUIRunner.java:93)
	at com.eviware.soapui.tools.SoapUITestCaseRunner.main(SoapUITestCaseRunner.java:119)
